<?xml version="1.0" encoding="UTF-8"?>
<testsuite name="com.gus.springboot.web.IndexControllerTest" tests="1" skipped="0" failures="0" errors="0" timestamp="2020-03-01T15:28:28" hostname="gus" time="0.298">
  <properties/>
  <testcase name="메인페이지_로딩" classname="com.gus.springboot.web.IndexControllerTest" time="0.298"/>
  <system-out><![CDATA[2020-03-02 00:28:23.776  INFO 10056 --- [    Test worker] .b.t.c.SpringBootTestContextBootstrapper : Neither @ContextConfiguration nor @ContextHierarchy found for test class [com.gus.springboot.web.IndexControllerTest], using SpringBootContextLoader
2020-03-02 00:28:23.779  INFO 10056 --- [    Test worker] o.s.t.c.support.AbstractContextLoader    : Could not detect default resource locations for test class [com.gus.springboot.web.IndexControllerTest]: no resource found for suffixes {-context.xml, Context.groovy}.
2020-03-02 00:28:23.781  INFO 10056 --- [    Test worker] t.c.s.AnnotationConfigContextLoaderUtils : Could not detect default configuration classes for test class [com.gus.springboot.web.IndexControllerTest]: IndexControllerTest does not declare any static, non-private, non-final, nested classes annotated with @Configuration.
2020-03-02 00:28:23.793  INFO 10056 --- [    Test worker] .b.t.c.SpringBootTestContextBootstrapper : Found @SpringBootConfiguration com.gus.springboot.Application for test class com.gus.springboot.web.IndexControllerTest
2020-03-02 00:28:23.804  INFO 10056 --- [    Test worker] .b.t.c.SpringBootTestContextBootstrapper : Loaded default TestExecutionListener class names from location [META-INF/spring.factories]: [org.springframework.security.test.context.support.WithSecurityContextTestExecutionListener, org.springframework.security.test.context.support.ReactorContextTestExecutionListener, org.springframework.boot.test.autoconfigure.restdocs.RestDocsTestExecutionListener, org.springframework.boot.test.autoconfigure.web.client.MockRestServiceServerResetTestExecutionListener, org.springframework.boot.test.autoconfigure.web.servlet.MockMvcPrintOnlyOnFailureTestExecutionListener, org.springframework.boot.test.autoconfigure.web.servlet.WebDriverTestExecutionListener, org.springframework.boot.test.mock.mockito.MockitoTestExecutionListener, org.springframework.boot.test.mock.mockito.ResetMocksTestExecutionListener, org.springframework.test.context.web.ServletTestExecutionListener, org.springframework.test.context.support.DirtiesContextBeforeModesTestExecutionListener, org.springframework.test.context.support.DependencyInjectionTestExecutionListener, org.springframework.test.context.support.DirtiesContextTestExecutionListener, org.springframework.test.context.transaction.TransactionalTestExecutionListener, org.springframework.test.context.jdbc.SqlScriptsTestExecutionListener]
2020-03-02 00:28:23.807  INFO 10056 --- [    Test worker] .b.t.c.SpringBootTestContextBootstrapper : Using TestExecutionListeners: [org.springframework.test.context.web.ServletTestExecutionListener@61dc6842, org.springframework.test.context.support.DirtiesContextBeforeModesTestExecutionListener@1f2139dc, org.springframework.boot.test.mock.mockito.MockitoTestExecutionListener@1dd94e3c, org.springframework.boot.test.autoconfigure.SpringBootDependencyInjectionTestExecutionListener@51fbab36, org.springframework.test.context.support.DirtiesContextTestExecutionListener@53674733, org.springframework.test.context.transaction.TransactionalTestExecutionListener@459e7b5a, org.springframework.test.context.jdbc.SqlScriptsTestExecutionListener@1261757b, org.springframework.security.test.context.support.WithSecurityContextTestExecutionListener@1e4fce1a, org.springframework.security.test.context.support.ReactorContextTestExecutionListener@77785c3f, org.springframework.boot.test.autoconfigure.restdocs.RestDocsTestExecutionListener@418aad21, org.springframework.boot.test.autoconfigure.web.client.MockRestServiceServerResetTestExecutionListener@5859c2c6, org.springframework.boot.test.autoconfigure.web.servlet.MockMvcPrintOnlyOnFailureTestExecutionListener@3886e8c9, org.springframework.boot.test.autoconfigure.web.servlet.WebDriverTestExecutionListener@d2ac242, org.springframework.boot.test.mock.mockito.ResetMocksTestExecutionListener@19dd9563]

  .   ____          _            __ _ _
 /\\ / ___'_ __ _ _(_)_ __  __ _ \ \ \ \
( ( )\___ | '_ | '_| | '_ \/ _` | \ \ \ \
 \\/  ___)| |_)| | | | | || (_| |  ) ) ) )
  '  |____| .__|_| |_|_| |_\__, | / / / /
 =========|_|==============|___/=/_/_/_/
 :: Spring Boot ::        (v2.1.7.RELEASE)

2020-03-02 00:28:23.902  INFO 10056 --- [    Test worker] c.g.springboot.web.IndexControllerTest   : Starting IndexControllerTest on gus with PID 10056 (started by gus in C:\Users\gus\IdeaProjects\first-project)
2020-03-02 00:28:23.904  INFO 10056 --- [    Test worker] c.g.springboot.web.IndexControllerTest   : No active profile set, falling back to default profiles: default
2020-03-02 00:28:24.353  INFO 10056 --- [    Test worker] .s.d.r.c.RepositoryConfigurationDelegate : Bootstrapping Spring Data repositories in DEFAULT mode.
2020-03-02 00:28:24.423  INFO 10056 --- [    Test worker] .s.d.r.c.RepositoryConfigurationDelegate : Finished Spring Data repository scanning in 69ms. Found 2 repository interfaces.
2020-03-02 00:28:24.686  INFO 10056 --- [    Test worker] trationDelegate$BeanPostProcessorChecker : Bean 'org.springframework.transaction.annotation.ProxyTransactionManagementConfiguration' of type [org.springframework.transaction.annotation.ProxyTransactionManagementConfiguration$$EnhancerBySpringCGLIB$$38cb1f8c] is not eligible for getting processed by all BeanPostProcessors (for example: not eligible for auto-proxying)
2020-03-02 00:28:25.146  INFO 10056 --- [    Test worker] o.s.b.w.embedded.tomcat.TomcatWebServer  : Tomcat initialized with port(s): 0 (http)
2020-03-02 00:28:25.207  INFO 10056 --- [    Test worker] o.apache.catalina.core.StandardService   : Starting service [Tomcat]
2020-03-02 00:28:25.207  INFO 10056 --- [    Test worker] org.apache.catalina.core.StandardEngine  : Starting Servlet engine: [Apache Tomcat/9.0.22]
2020-03-02 00:28:25.511  INFO 10056 --- [    Test worker] o.a.c.c.C.[Tomcat].[localhost].[/]       : Initializing Spring embedded WebApplicationContext
2020-03-02 00:28:25.512  INFO 10056 --- [    Test worker] o.s.web.context.ContextLoader            : Root WebApplicationContext: initialization completed in 1604 ms
2020-03-02 00:28:25.892  INFO 10056 --- [    Test worker] com.zaxxer.hikari.HikariDataSource       : HikariPool-2 - Starting...
2020-03-02 00:28:25.894  INFO 10056 --- [    Test worker] com.zaxxer.hikari.HikariDataSource       : HikariPool-2 - Start completed.
2020-03-02 00:28:26.020  INFO 10056 --- [    Test worker] o.hibernate.jpa.internal.util.LogHelper  : HHH000204: Processing PersistenceUnitInfo [
	name: default
	...]
2020-03-02 00:28:26.043  INFO 10056 --- [    Test worker] org.hibernate.dialect.Dialect            : HHH000400: Using dialect: org.hibernate.dialect.MySQL5InnoDBDialect
Hibernate: drop table if exists posts
Hibernate: drop table if exists user
Hibernate: create table posts (id bigint not null auto_increment, created_date datetime, modified_date datetime, author varchar(255), content TEXT not null, title varchar(500) not null, primary key (id)) engine=InnoDB
Hibernate: create table user (id bigint not null auto_increment, email varchar(255) not null, name varchar(255) not null, picture varchar(255), role varchar(255) not null, primary key (id)) engine=InnoDB
2020-03-02 00:28:26.137  INFO 10056 --- [    Test worker] o.h.t.schema.internal.SchemaCreatorImpl  : HHH000476: Executing import script 'org.hibernate.tool.schema.internal.exec.ScriptSourceInputNonExistentImpl@45bcfce'
2020-03-02 00:28:26.138  INFO 10056 --- [    Test worker] j.LocalContainerEntityManagerFactoryBean : Initialized JPA EntityManagerFactory for persistence unit 'default'
2020-03-02 00:28:26.765  INFO 10056 --- [    Test worker] o.h.h.i.QueryTranslatorFactoryInitiator  : HHH000397: Using ASTQueryTranslatorFactory
2020-03-02 00:28:27.076  INFO 10056 --- [    Test worker] o.s.s.web.DefaultSecurityFilterChain     : Creating filter chain: any request, [org.springframework.security.web.context.request.async.WebAsyncManagerIntegrationFilter@57d18a12, org.springframework.security.web.context.SecurityContextPersistenceFilter@7fbfe818, org.springframework.security.web.header.HeaderWriterFilter@122cd838, org.springframework.security.web.authentication.logout.LogoutFilter@83809f0, org.springframework.security.oauth2.client.web.OAuth2AuthorizationRequestRedirectFilter@226e4e67, org.springframework.security.oauth2.client.web.OAuth2LoginAuthenticationFilter@5959ab95, org.springframework.security.web.authentication.ui.DefaultLoginPageGeneratingFilter@847dfc8, org.springframework.security.web.authentication.ui.DefaultLogoutPageGeneratingFilter@102a08d0, org.springframework.security.web.savedrequest.RequestCacheAwareFilter@1dc63142, org.springframework.security.web.servletapi.SecurityContextHolderAwareRequestFilter@695fd7da, org.springframework.security.web.authentication.AnonymousAuthenticationFilter@406771c4, org.springframework.security.web.session.SessionManagementFilter@1bdf44d5, org.springframework.security.web.access.ExceptionTranslationFilter@40f44de0, org.springframework.security.web.access.intercept.FilterSecurityInterceptor@219cc41c]
2020-03-02 00:28:27.475  INFO 10056 --- [    Test worker] o.s.s.concurrent.ThreadPoolTaskExecutor  : Initializing ExecutorService 'applicationTaskExecutor'
2020-03-02 00:28:27.494  WARN 10056 --- [    Test worker] aWebConfiguration$JpaWebMvcConfiguration : spring.jpa.open-in-view is enabled by default. Therefore, database queries may be performed during view rendering. Explicitly configure spring.jpa.open-in-view to disable this warning
2020-03-02 00:28:27.544  INFO 10056 --- [    Test worker] o.s.b.a.w.s.WelcomePageHandlerMapping    : Adding welcome page template: index
2020-03-02 00:28:28.184  INFO 10056 --- [    Test worker] s.a.ScheduledAnnotationBeanPostProcessor : No TaskScheduler/ScheduledExecutorService bean found for scheduled processing
2020-03-02 00:28:28.218  INFO 10056 --- [    Test worker] o.s.b.w.embedded.tomcat.TomcatWebServer  : Tomcat started on port(s): 51997 (http) with context path ''
2020-03-02 00:28:28.220  INFO 10056 --- [    Test worker] c.g.springboot.web.IndexControllerTest   : Started IndexControllerTest in 4.404 seconds (JVM running for 21.889)
2020-03-02 00:28:28.367  INFO 10056 --- [o-auto-1-exec-1] o.a.c.c.C.[Tomcat].[localhost].[/]       : Initializing Spring DispatcherServlet 'dispatcherServlet'
2020-03-02 00:28:28.367  INFO 10056 --- [o-auto-1-exec-1] o.s.web.servlet.DispatcherServlet        : Initializing Servlet 'dispatcherServlet'
2020-03-02 00:28:28.410  INFO 10056 --- [o-auto-1-exec-1] o.s.web.servlet.DispatcherServlet        : Completed initialization in 43 ms
Hibernate: select posts0_.id as id1_0_, posts0_.created_date as created_2_0_, posts0_.modified_date as modified3_0_, posts0_.author as author4_0_, posts0_.content as content5_0_, posts0_.title as title6_0_ from posts posts0_ order by posts0_.id DESC
]]></system-out>
  <system-err><![CDATA[]]></system-err>
</testsuite>
